0 info it worked if it ends with ok
1 verbose cli [ '/Users/matiaslorenzo/.nvm/versions/node/v6.9.1/bin/node',
1 verbose cli   '/Users/matiaslorenzo/.nvm/versions/node/v6.9.1/bin/npm',
1 verbose cli   'install',
1 verbose cli   '--save-dev',
1 verbose cli   'eslint',
1 verbose cli   'eslint-{config-standard,',
1 verbose cli   'plugin-standard,',
1 verbose cli   'plugin-promise}' ]
2 info using npm@4.0.2
3 info using node@v6.9.1
4 silly loadCurrentTree Starting
5 silly install loadCurrentTree
6 silly install readLocalPackageData
7 silly fetchPackageMetaData eslint
8 silly fetchPackageMetaData eslint-{config-standard,
9 silly fetchPackageMetaData plugin-standard,
10 silly fetchPackageMetaData plugin-promise}
11 silly fetchNamedPackageData eslint
12 silly mapToRegistry name eslint
13 silly mapToRegistry using default registry
14 silly mapToRegistry registry https://registry.npmjs.org/
15 silly mapToRegistry data Result {
15 silly mapToRegistry   raw: 'eslint',
15 silly mapToRegistry   scope: null,
15 silly mapToRegistry   escapedName: 'eslint',
15 silly mapToRegistry   name: 'eslint',
15 silly mapToRegistry   rawSpec: '',
15 silly mapToRegistry   spec: 'latest',
15 silly mapToRegistry   type: 'tag' }
16 silly mapToRegistry uri https://registry.npmjs.org/eslint
17 silly fetchOtherPackageData eslint-{config-standard,
18 silly cache add args [ 'eslint-{config-standard,', null ]
19 verbose cache add spec eslint-{config-standard,
20 silly fetchOtherPackageData plugin-standard,
21 silly cache add args [ 'plugin-standard,', null ]
22 verbose cache add spec plugin-standard,
23 silly fetchOtherPackageData plugin-promise}
24 silly cache add args [ 'plugin-promise}', null ]
25 verbose cache add spec plugin-promise}
26 silly cache add parsed spec Result {
26 silly cache add   raw: 'eslint-{config-standard,',
26 silly cache add   scope: null,
26 silly cache add   escapedName: null,
26 silly cache add   name: null,
26 silly cache add   rawSpec: 'eslint-{config-standard,',
26 silly cache add   spec: '/Users/matiaslorenzo/Desktop/duckr/eslint-{config-standard,',
26 silly cache add   type: 'local' }
27 silly cache add parsed spec Result {
27 silly cache add   raw: 'plugin-standard,',
27 silly cache add   scope: null,
27 silly cache add   escapedName: null,
27 silly cache add   name: null,
27 silly cache add   rawSpec: 'plugin-standard,',
27 silly cache add   spec: '/Users/matiaslorenzo/Desktop/duckr/plugin-standard,',
27 silly cache add   type: 'local' }
28 silly cache add parsed spec Result {
28 silly cache add   raw: 'plugin-promise}',
28 silly cache add   scope: null,
28 silly cache add   escapedName: null,
28 silly cache add   name: null,
28 silly cache add   rawSpec: 'plugin-promise}',
28 silly cache add   spec: '/Users/matiaslorenzo/Desktop/duckr/plugin-promise}',
28 silly cache add   type: 'local' }
29 error addLocal Could not install /Users/matiaslorenzo/Desktop/duckr/eslint-{config-standard,
30 silly fetchPackageMetaData Error: ENOENT: no such file or directory, open '/Users/matiaslorenzo/Desktop/duckr/eslint-{config-standard,'
30 silly fetchPackageMetaData     at Error (native)
30 silly fetchPackageMetaData  error for eslint-{config-standard, { Error: ENOENT: no such file or directory, open '/Users/matiaslorenzo/Desktop/duckr/eslint-{config-standard,'
30 silly fetchPackageMetaData     at Error (native)
30 silly fetchPackageMetaData   errno: -2,
30 silly fetchPackageMetaData   code: 'ENOENT',
30 silly fetchPackageMetaData   syscall: 'open',
30 silly fetchPackageMetaData   path: '/Users/matiaslorenzo/Desktop/duckr/eslint-{config-standard,' }
31 error addLocal Could not install /Users/matiaslorenzo/Desktop/duckr/plugin-standard,
32 silly fetchPackageMetaData Error: ENOENT: no such file or directory, open '/Users/matiaslorenzo/Desktop/duckr/plugin-standard,'
32 silly fetchPackageMetaData     at Error (native)
32 silly fetchPackageMetaData  error for plugin-standard, { Error: ENOENT: no such file or directory, open '/Users/matiaslorenzo/Desktop/duckr/plugin-standard,'
32 silly fetchPackageMetaData     at Error (native)
32 silly fetchPackageMetaData   errno: -2,
32 silly fetchPackageMetaData   code: 'ENOENT',
32 silly fetchPackageMetaData   syscall: 'open',
32 silly fetchPackageMetaData   path: '/Users/matiaslorenzo/Desktop/duckr/plugin-standard,' }
33 error addLocal Could not install /Users/matiaslorenzo/Desktop/duckr/plugin-promise}
34 silly fetchPackageMetaData Error: ENOENT: no such file or directory, open '/Users/matiaslorenzo/Desktop/duckr/plugin-promise}'
34 silly fetchPackageMetaData     at Error (native)
34 silly fetchPackageMetaData  error for plugin-promise} { Error: ENOENT: no such file or directory, open '/Users/matiaslorenzo/Desktop/duckr/plugin-promise}'
34 silly fetchPackageMetaData     at Error (native)
34 silly fetchPackageMetaData   errno: -2,
34 silly fetchPackageMetaData   code: 'ENOENT',
34 silly fetchPackageMetaData   syscall: 'open',
34 silly fetchPackageMetaData   path: '/Users/matiaslorenzo/Desktop/duckr/plugin-promise}' }
35 verbose request uri https://registry.npmjs.org/eslint
36 verbose request no auth needed
37 info attempt registry request try #1 at 11:42:03 AM
38 verbose request id 62e87d8b3d2a3e77
39 verbose etag W/"5966ac29-754c3"
40 verbose lastModified Wed, 12 Jul 2017 23:09:29 GMT
41 http request GET https://registry.npmjs.org/eslint
42 http 304 https://registry.npmjs.org/eslint
43 verbose headers { date: 'Thu, 13 Jul 2017 09:42:03 GMT',
43 verbose headers   via: '1.1 varnish',
43 verbose headers   'cache-control': 'max-age=300',
43 verbose headers   etag: 'W/"5966ac29-754c3"',
43 verbose headers   age: '173',
43 verbose headers   connection: 'keep-alive',
43 verbose headers   'x-served-by': 'cache-lhr6324-LHR',
43 verbose headers   'x-cache': 'HIT',
43 verbose headers   'x-cache-hits': '5',
43 verbose headers   'x-timer': 'S1499938923.432643,VS0,VE0',
43 verbose headers   vary: 'Accept-Encoding, Accept' }
44 silly get cb [ 304,
44 silly get   { date: 'Thu, 13 Jul 2017 09:42:03 GMT',
44 silly get     via: '1.1 varnish',
44 silly get     'cache-control': 'max-age=300',
44 silly get     etag: 'W/"5966ac29-754c3"',
44 silly get     age: '173',
44 silly get     connection: 'keep-alive',
44 silly get     'x-served-by': 'cache-lhr6324-LHR',
44 silly get     'x-cache': 'HIT',
44 silly get     'x-cache-hits': '5',
44 silly get     'x-timer': 'S1499938923.432643,VS0,VE0',
44 silly get     vary: 'Accept-Encoding, Accept' } ]
45 verbose etag https://registry.npmjs.org/eslint from cache
46 verbose get saving eslint to /Users/matiaslorenzo/.npm/registry.npmjs.org/eslint/.cache.json
47 verbose correctMkdir /Users/matiaslorenzo/.npm correctMkdir not in flight; initializing
48 silly rollbackFailedOptional Starting
49 silly rollbackFailedOptional Finishing
50 silly runTopLevelLifecycles Finishing
51 silly install printInstalled
52 verbose stack Error: ENOENT: no such file or directory, open '/Users/matiaslorenzo/Desktop/duckr/eslint-{config-standard,'
52 verbose stack     at Error (native)
53 verbose cwd /Users/matiaslorenzo/Desktop/duckr
54 error Darwin 16.6.0
55 error argv "/Users/matiaslorenzo/.nvm/versions/node/v6.9.1/bin/node" "/Users/matiaslorenzo/.nvm/versions/node/v6.9.1/bin/npm" "install" "--save-dev" "eslint" "eslint-{config-standard," "plugin-standard," "plugin-promise}"
56 error node v6.9.1
57 error npm  v4.0.2
58 error path /Users/matiaslorenzo/Desktop/duckr/eslint-{config-standard,
59 error code ENOENT
60 error errno -2
61 error syscall open
62 error enoent ENOENT: no such file or directory, open '/Users/matiaslorenzo/Desktop/duckr/eslint-{config-standard,'
63 error enoent ENOENT: no such file or directory, open '/Users/matiaslorenzo/Desktop/duckr/eslint-{config-standard,'
63 error enoent This is most likely not a problem with npm itself
63 error enoent and is related to npm not being able to find a file.
64 verbose exit [ -2, true ]
